<?xml version="1.0" encoding="UTF-8"?>
<testsuite xmlns:xsi="http://www.w3.org/2001/XMLSchema-instance" xsi:noNamespaceSchemaLocation="https://maven.apache.org/surefire/maven-surefire-plugin/xsd/surefire-test-report.xsd" name="com.api.framework.APITest" time="8.331" tests="3" errors="0" skipped="0" failures="0">
  <properties>
    <property name="java.specification.version" value="17"/>
    <property name="sun.jnu.encoding" value="UTF-8"/>
    <property name="java.class.path" value="/Users/farokhnia/testAutomationFramework/target/test-classes:/Users/farokhnia/testAutomationFramework/target/classes:/Users/farokhnia/.m2/repository/org/projectlombok/lombok/1.18.28/lombok-1.18.28.jar:/Users/farokhnia/.m2/repository/com/fasterxml/jackson/core/jackson-databind/2.18.0/jackson-databind-2.18.0.jar:/Users/farokhnia/.m2/repository/com/fasterxml/jackson/core/jackson-annotations/2.18.0/jackson-annotations-2.18.0.jar:/Users/farokhnia/.m2/repository/com/fasterxml/jackson/core/jackson-core/2.18.0/jackson-core-2.18.0.jar:/Users/farokhnia/.m2/repository/org/junit/jupiter/junit-jupiter-api/5.10.2/junit-jupiter-api-5.10.2.jar:/Users/farokhnia/.m2/repository/org/opentest4j/opentest4j/1.3.0/opentest4j-1.3.0.jar:/Users/farokhnia/.m2/repository/org/junit/platform/junit-platform-commons/1.10.2/junit-platform-commons-1.10.2.jar:/Users/farokhnia/.m2/repository/org/apiguardian/apiguardian-api/1.1.2/apiguardian-api-1.1.2.jar:/Users/farokhnia/.m2/repository/org/junit/jupiter/junit-jupiter-engine/5.10.2/junit-jupiter-engine-5.10.2.jar:/Users/farokhnia/.m2/repository/org/junit/platform/junit-platform-engine/1.10.2/junit-platform-engine-1.10.2.jar:/Users/farokhnia/.m2/repository/org/junit/jupiter/junit-jupiter-params/5.10.2/junit-jupiter-params-5.10.2.jar:/Users/farokhnia/.m2/repository/org/apache/commons/commons-lang3/3.12.0/commons-lang3-3.12.0.jar:/Users/farokhnia/.m2/repository/io/rest-assured/rest-assured/5.3.0/rest-assured-5.3.0.jar:/Users/farokhnia/.m2/repository/org/apache/groovy/groovy/4.0.6/groovy-4.0.6.jar:/Users/farokhnia/.m2/repository/org/apache/groovy/groovy-xml/4.0.6/groovy-xml-4.0.6.jar:/Users/farokhnia/.m2/repository/org/apache/httpcomponents/httpclient/4.5.13/httpclient-4.5.13.jar:/Users/farokhnia/.m2/repository/org/apache/httpcomponents/httpcore/4.4.13/httpcore-4.4.13.jar:/Users/farokhnia/.m2/repository/commons-logging/commons-logging/1.2/commons-logging-1.2.jar:/Users/farokhnia/.m2/repository/commons-codec/commons-codec/1.11/commons-codec-1.11.jar:/Users/farokhnia/.m2/repository/org/apache/httpcomponents/httpmime/4.5.13/httpmime-4.5.13.jar:/Users/farokhnia/.m2/repository/org/hamcrest/hamcrest/2.1/hamcrest-2.1.jar:/Users/farokhnia/.m2/repository/org/ccil/cowan/tagsoup/tagsoup/1.2.1/tagsoup-1.2.1.jar:/Users/farokhnia/.m2/repository/io/rest-assured/xml-path/5.3.0/xml-path-5.3.0.jar:/Users/farokhnia/.m2/repository/io/rest-assured/json-path/5.3.0/json-path-5.3.0.jar:/Users/farokhnia/.m2/repository/org/apache/groovy/groovy-json/4.0.6/groovy-json-4.0.6.jar:/Users/farokhnia/.m2/repository/io/rest-assured/rest-assured-common/5.3.0/rest-assured-common-5.3.0.jar:/Users/farokhnia/.m2/repository/com/aventstack/extentreports/5.0.9/extentreports-5.0.9.jar:/Users/farokhnia/.m2/repository/io/reactivex/rxjava3/rxjava/3.0.4/rxjava-3.0.4.jar:/Users/farokhnia/.m2/repository/org/reactivestreams/reactive-streams/1.0.3/reactive-streams-1.0.3.jar:/Users/farokhnia/.m2/repository/org/freemarker/freemarker/2.3.30/freemarker-2.3.30.jar:/Users/farokhnia/.m2/repository/com/google/code/gson/gson/2.8.6/gson-2.8.6.jar:"/>
    <property name="java.vm.vendor" value="Oracle Corporation"/>
    <property name="sun.arch.data.model" value="64"/>
    <property name="java.vendor.url" value="https://java.oracle.com/"/>
    <property name="os.name" value="Mac OS X"/>
    <property name="java.vm.specification.version" value="17"/>
    <property name="sun.java.launcher" value="SUN_STANDARD"/>
    <property name="user.country" value="IR"/>
    <property name="sun.boot.library.path" value="/Library/Java/JavaVirtualMachines/jdk-17.jdk/Contents/Home/lib"/>
    <property name="sun.java.command" value="/Users/farokhnia/testAutomationFramework/target/surefire/surefirebooter7332743518611033091.jar /Users/farokhnia/testAutomationFramework/target/surefire 2024-10-24T18-37-27_641-jvmRun1 surefire6440258302125415805tmp surefire_06794856572581535557tmp"/>
    <property name="jdk.debug" value="release"/>
    <property name="surefire.test.class.path" value="/Users/farokhnia/testAutomationFramework/target/test-classes:/Users/farokhnia/testAutomationFramework/target/classes:/Users/farokhnia/.m2/repository/org/projectlombok/lombok/1.18.28/lombok-1.18.28.jar:/Users/farokhnia/.m2/repository/com/fasterxml/jackson/core/jackson-databind/2.18.0/jackson-databind-2.18.0.jar:/Users/farokhnia/.m2/repository/com/fasterxml/jackson/core/jackson-annotations/2.18.0/jackson-annotations-2.18.0.jar:/Users/farokhnia/.m2/repository/com/fasterxml/jackson/core/jackson-core/2.18.0/jackson-core-2.18.0.jar:/Users/farokhnia/.m2/repository/org/junit/jupiter/junit-jupiter-api/5.10.2/junit-jupiter-api-5.10.2.jar:/Users/farokhnia/.m2/repository/org/opentest4j/opentest4j/1.3.0/opentest4j-1.3.0.jar:/Users/farokhnia/.m2/repository/org/junit/platform/junit-platform-commons/1.10.2/junit-platform-commons-1.10.2.jar:/Users/farokhnia/.m2/repository/org/apiguardian/apiguardian-api/1.1.2/apiguardian-api-1.1.2.jar:/Users/farokhnia/.m2/repository/org/junit/jupiter/junit-jupiter-engine/5.10.2/junit-jupiter-engine-5.10.2.jar:/Users/farokhnia/.m2/repository/org/junit/platform/junit-platform-engine/1.10.2/junit-platform-engine-1.10.2.jar:/Users/farokhnia/.m2/repository/org/junit/jupiter/junit-jupiter-params/5.10.2/junit-jupiter-params-5.10.2.jar:/Users/farokhnia/.m2/repository/org/apache/commons/commons-lang3/3.12.0/commons-lang3-3.12.0.jar:/Users/farokhnia/.m2/repository/io/rest-assured/rest-assured/5.3.0/rest-assured-5.3.0.jar:/Users/farokhnia/.m2/repository/org/apache/groovy/groovy/4.0.6/groovy-4.0.6.jar:/Users/farokhnia/.m2/repository/org/apache/groovy/groovy-xml/4.0.6/groovy-xml-4.0.6.jar:/Users/farokhnia/.m2/repository/org/apache/httpcomponents/httpclient/4.5.13/httpclient-4.5.13.jar:/Users/farokhnia/.m2/repository/org/apache/httpcomponents/httpcore/4.4.13/httpcore-4.4.13.jar:/Users/farokhnia/.m2/repository/commons-logging/commons-logging/1.2/commons-logging-1.2.jar:/Users/farokhnia/.m2/repository/commons-codec/commons-codec/1.11/commons-codec-1.11.jar:/Users/farokhnia/.m2/repository/org/apache/httpcomponents/httpmime/4.5.13/httpmime-4.5.13.jar:/Users/farokhnia/.m2/repository/org/hamcrest/hamcrest/2.1/hamcrest-2.1.jar:/Users/farokhnia/.m2/repository/org/ccil/cowan/tagsoup/tagsoup/1.2.1/tagsoup-1.2.1.jar:/Users/farokhnia/.m2/repository/io/rest-assured/xml-path/5.3.0/xml-path-5.3.0.jar:/Users/farokhnia/.m2/repository/io/rest-assured/json-path/5.3.0/json-path-5.3.0.jar:/Users/farokhnia/.m2/repository/org/apache/groovy/groovy-json/4.0.6/groovy-json-4.0.6.jar:/Users/farokhnia/.m2/repository/io/rest-assured/rest-assured-common/5.3.0/rest-assured-common-5.3.0.jar:/Users/farokhnia/.m2/repository/com/aventstack/extentreports/5.0.9/extentreports-5.0.9.jar:/Users/farokhnia/.m2/repository/io/reactivex/rxjava3/rxjava/3.0.4/rxjava-3.0.4.jar:/Users/farokhnia/.m2/repository/org/reactivestreams/reactive-streams/1.0.3/reactive-streams-1.0.3.jar:/Users/farokhnia/.m2/repository/org/freemarker/freemarker/2.3.30/freemarker-2.3.30.jar:/Users/farokhnia/.m2/repository/com/google/code/gson/gson/2.8.6/gson-2.8.6.jar:"/>
    <property name="sun.cpu.endian" value="little"/>
    <property name="user.home" value="/Users/farokhnia"/>
    <property name="user.language" value="en"/>
    <property name="java.specification.vendor" value="Oracle Corporation"/>
    <property name="java.version.date" value="2024-01-16"/>
    <property name="java.home" value="/Library/Java/JavaVirtualMachines/jdk-17.jdk/Contents/Home"/>
    <property name="file.separator" value="/"/>
    <property name="basedir" value="/Users/farokhnia/testAutomationFramework"/>
    <property name="java.vm.compressedOopsMode" value="Zero based"/>
    <property name="line.separator" value="&#10;"/>
    <property name="java.vm.specification.vendor" value="Oracle Corporation"/>
    <property name="java.specification.name" value="Java Platform API Specification"/>
    <property name="surefire.real.class.path" value="/Users/farokhnia/testAutomationFramework/target/surefire/surefirebooter7332743518611033091.jar"/>
    <property name="sun.management.compiler" value="HotSpot 64-Bit Tiered Compilers"/>
    <property name="java.runtime.version" value="17.0.10+11-LTS-240"/>
    <property name="user.name" value="farokhnia"/>
    <property name="path.separator" value=":"/>
    <property name="os.version" value="10.13.6"/>
    <property name="java.runtime.name" value="Java(TM) SE Runtime Environment"/>
    <property name="file.encoding" value="UTF-8"/>
    <property name="java.vm.name" value="Java HotSpot(TM) 64-Bit Server VM"/>
    <property name="localRepository" value="/Users/farokhnia/.m2/repository"/>
    <property name="java.vendor.url.bug" value="https://bugreport.java.com/bugreport/"/>
    <property name="java.io.tmpdir" value="/var/folders/s0/cpptxsvx0872pdr_s2km8mfh0000gn/T/"/>
    <property name="java.version" value="17.0.10"/>
    <property name="user.dir" value="/Users/farokhnia/testAutomationFramework"/>
    <property name="os.arch" value="x86_64"/>
    <property name="java.vm.specification.name" value="Java Virtual Machine Specification"/>
    <property name="native.encoding" value="UTF-8"/>
    <property name="java.library.path" value="/Users/farokhnia/Library/Java/Extensions:/Library/Java/Extensions:/Network/Library/Java/Extensions:/System/Library/Java/Extensions:/usr/lib/java:."/>
    <property name="java.vm.info" value="mixed mode, sharing"/>
    <property name="java.vendor" value="Oracle Corporation"/>
    <property name="java.vm.version" value="17.0.10+11-LTS-240"/>
    <property name="sun.io.unicode.encoding" value="UnicodeBig"/>
    <property name="java.class.version" value="61.0"/>
  </properties>
  <testcase name="executeApiTest{String, String, JsonNode}[1]" classname="com.api.framework.APITest" time="6.004"/>
  <testcase name="executeApiTest{String, String, JsonNode}[2]" classname="com.api.framework.APITest" time="0.233"/>
  <testcase name="executeApiTest{String, String, JsonNode}[3]" classname="com.api.framework.APITest" time="0.191"/>
</testsuite>